
2021-06-06 14:37:30 [[32minfo[39m] [[36mCommand[39m] s!dhelp" (dhelp) ran by "ChillRage#9999" (718164201033564200) on guild "SmartWiki Support" (809833821796827206) channel "#testing" (845272164138614815)
2021-06-06 14:39:10 [[32minfo[39m] [[36mCommand[39m] s!help" (help) ran by "ChillRage#9999" (718164201033564200) on guild "SmartWiki Support" (809833821796827206) channel "#testing" (845272164138614815)
2021-06-06 14:39:34 [[32minfo[39m] [[36mCommand[39m] s!dhelp" (dhelp) ran by "ChillRage#9999" (718164201033564200) on guild "SmartWiki Support" (809833821796827206) channel "#testing" (845272164138614815)
2021-06-06 14:40:47 [[32minfo[39m] [[36mCommand[39m] s!dhelp" (dhelp) ran by "ChillRage#9999" (718164201033564200) on guild "SmartWiki Support" (809833821796827206) channel "#testing" (845272164138614815)
2021-06-06 15:04:46 [[32minfo[39m] [[36mCommand[39m] s!help" (help) ran by "David Websoft#0438" (778630685962665994) on guild "test" (835258853028265995) channel "#general" (840623244015829072)
2021-06-06 15:06:01 [[32minfo[39m] [[36mCommand[39m] s!setchatbot" (setchatbot) ran by "David Websoft#0438" (778630685962665994) on guild "test" (835258853028265995) channel "#dumb-chat" (840251245095682108)
2021-06-06 15:06:18 [[32minfo[39m] [[36mCommand[39m] s!setchatbot 840251245095682108" (setchatbot) ran by "David Websoft#0438" (778630685962665994) on guild "test" (835258853028265995) channel "#dumb-chat" (840251245095682108)
2021-06-06 15:11:22 [[32minfo[39m] [[36mCommand[39m] s!eval client.channels.cache.get("840251245095682108").send(" Hey <@778630685962665994> I am SmartWiki's Developer Calling out on you if you needed any help with the bot so if you do pls accept ChillRage's friend request and no replying to this message cannot be seen by me")" (eval) ran by "ChillRage#9999" (718164201033564200) on guild "SmartWiki Support" (809833821796827206) channel "#・🤖〢adv-logs" (850655858131861514)
2021-06-06 17:15:51 [[32minfo[39m] [[36mCommand[39m] s!setchatbot 840251245095682108" (setchatbot) ran by "Isaamipastarami#6872" (739115259725611100) on guild "test" (835258853028265995) channel "#smartdumb-wiki" (851147306509271050)
2021-06-06 17:16:15 [[32minfo[39m] [[36mCommand[39m] s!setchatbot" (setchatbot) ran by "Isaamipastarami#6872" (739115259725611100) on guild "test" (835258853028265995) channel "#smartdumb-wiki" (851147306509271050)
2021-06-06 17:36:28 [[32minfo[39m] [[36mCommand[39m] s!eval client.channels.cache.get("851147306509271050").send(" Hey <@739115259725611100> I am SmartWiki's Developer Calling out on you if you needed any help with the bot so if you do pls accept ChillRage's friend request and no replying to this message cannot be seen by me")


2021-06-06 17:16:15 [Command] s!setchatbot" (setchatbot) ran by "" () on guild "test" (835258853028265995) channel "#smartdumb-wiki" ()" (eval) ran by "ChillRage#9999" (718164201033564200) on guild "SmartWiki Support" (809833821796827206) channel "#・🤖〢adv-logs" (850655858131861514)
2021-06-06 17:37:04 [[32minfo[39m] [[36mCommand[39m] s!eval client.channels.cache.get("851147306509271050").send(" Hey <@739115259725611100> I am SmartWiki's Developer Calling out on you if you needed any help with the bot so if you do pls accept ChillRage's friend request and no replying to this message cannot be seen by me")" (eval) ran by "ChillRage#9999" (718164201033564200) on guild "SmartWiki Support" (809833821796827206) channel "#・🤖〢adv-logs" (850655858131861514)
2021-06-07 09:31:11 [[32minfo[39m] [[36mCommand[39m] s!help" (help) ran by "ChillRage#9999" (718164201033564200) on guild "SmartWiki Support" (809833821796827206) channel "#testing" (845272164138614815)
2021-06-07 09:31:51 [[32minfo[39m] [[36mCommand[39m] s!setchatbot <#845272164138614815>" (setchatbot) ran by "ChillRage#9999" (718164201033564200) on guild "SmartWiki Support" (809833821796827206) channel "#testing" (845272164138614815)
2021-06-07 10:23:41 [[32minfo[39m] [[36mCommand[39m] s!terminal npm install" (terminal) ran by "ChillRage#9999" (718164201033564200) on guild "SmartWiki Support" (809833821796827206) channel "#testing" (845272164138614815)
2021-06-07 10:24:13 [[32minfo[39m] [[36mCommand[39m] s!disablechatbot" (disablechatbot) ran by "ChillRage#9999" (718164201033564200) on guild "SmartWiki Support" (809833821796827206) channel "#testing" (845272164138614815)
2021-06-07 10:29:46 [[32minfo[39m] [[36mCommand[39m] s!snakegame" (snakegame) ran by "ChillRage#9999" (718164201033564200) on guild "SmartWiki Support" (809833821796827206) channel "#testing" (845272164138614815)
2021-06-08 00:41:28 [[32minfo[39m] [[36mCommand[39m] s!help" (help) ran by "SpookyiGames#7059" (796220058581729320) on guild "Spooky'sOfficialDiscord" (851611974659866625) channel "#test" (851621850319421470)
2021-06-08 03:13:14 [[32minfo[39m] [[36mCommand[39m] s!help" (help) ran by "IronBoy345#0233" (783584461895106610) on guild "🐲Dʀᴀɢᴏɴsꔪᴄʟᴀᴡ🐲" (758181556929036359) channel "#chatbot" (812249816431984720)
2021-06-08 03:13:39 [[32minfo[39m] [[36mCommand[39m] s!censor" (censor) ran by "IronBoy345#0233" (783584461895106610) on guild "🐲Dʀᴀɢᴏɴsꔪᴄʟᴀᴡ🐲" (758181556929036359) channel "#chatbot" (812249816431984720)
2021-06-08 03:14:04 [[32minfo[39m] [[36mCommand[39m] s!censor smart wiki is stupid" (censor) ran by "IronBoy345#0233" (783584461895106610) on guild "🐲Dʀᴀɢᴏɴsꔪᴄʟᴀᴡ🐲" (758181556929036359) channel "#chatbot" (812249816431984720)
2021-06-08 04:05:30 [[32minfo[39m] [[36mCommand[39m] s!help" (help) ran by "SpookyiGames#7059" (796220058581729320) on guild "Spooky'sOfficialDiscord" (851611974659866625) channel "#test-channel" (851673136272900097)
2021-06-08 04:06:08 [[32minfo[39m] [[36mCommand[39m] s!help Fun" (help) ran by "SpookyiGames#7059" (796220058581729320) on guild "Spooky'sOfficialDiscord" (851611974659866625) channel "#test-channel" (851673136272900097)
2021-06-08 04:06:41 [[32minfo[39m] [[36mCommand[39m] s!connect4" (connect4) ran by "SpookyiGames#7059" (796220058581729320) on guild "Spooky'sOfficialDiscord" (851611974659866625) channel "#test-channel" (851673136272900097)
